[Wed Sep 20 20:27:58.637510 2023] [ssl:warn] [pid 3008:tid 348] AH01909: www.example.com:443:0 server certificate does NOT include an ID which matches the server name
[Wed Sep 20 20:27:58.729516 2023] [ssl:warn] [pid 3008:tid 348] AH01909: www.example.com:443:0 server certificate does NOT include an ID which matches the server name
[Wed Sep 20 20:27:59.080506 2023] [mpm_winnt:notice] [pid 3008:tid 348] AH00455: Apache/2.4.56 (Win64) OpenSSL/1.1.1t PHP/8.0.28 configured -- resuming normal operations
[Wed Sep 20 20:27:59.080506 2023] [mpm_winnt:notice] [pid 3008:tid 348] AH00456: Apache Lounge VS16 Server built: Mar  7 2023 13:21:03
[Wed Sep 20 20:27:59.080506 2023] [core:notice] [pid 3008:tid 348] AH00094: Command line: 'c:\\users\\vicky\\desktop\\repository\\host-onion\\xampp\\apache\\bin\\httpd.exe -d C:/Users/Vicky/Desktop/Repository/Host-Onion/xampp/apache'
[Wed Sep 20 20:27:59.089559 2023] [mpm_winnt:notice] [pid 3008:tid 348] AH00418: Parent: Created child process 21040
[Wed Sep 20 20:27:59.650600 2023] [ssl:warn] [pid 21040:tid 360] AH01909: www.example.com:443:0 server certificate does NOT include an ID which matches the server name
[Wed Sep 20 20:27:59.740607 2023] [ssl:warn] [pid 21040:tid 360] AH01909: www.example.com:443:0 server certificate does NOT include an ID which matches the server name
[Wed Sep 20 20:27:59.773565 2023] [mpm_winnt:notice] [pid 21040:tid 360] AH00354: Child: Starting 150 worker threads.
[Wed Sep 20 20:29:38.352633 2023] [ssl:warn] [pid 8280:tid 364] AH01909: www.example.com:443:0 server certificate does NOT include an ID which matches the server name
[Wed Sep 20 20:29:38.443908 2023] [core:warn] [pid 8280:tid 364] AH00098: pid file C:/Users/Vicky/Desktop/Repository/Host-Onion/xampp/apache/logs/httpd.pid overwritten -- Unclean shutdown of previous Apache run?
[Wed Sep 20 20:29:38.448901 2023] [ssl:warn] [pid 8280:tid 364] AH01909: www.example.com:443:0 server certificate does NOT include an ID which matches the server name
[Wed Sep 20 20:29:38.485843 2023] [mpm_winnt:notice] [pid 8280:tid 364] AH00455: Apache/2.4.56 (Win64) OpenSSL/1.1.1t PHP/8.0.28 configured -- resuming normal operations
[Wed Sep 20 20:29:38.485843 2023] [mpm_winnt:notice] [pid 8280:tid 364] AH00456: Apache Lounge VS16 Server built: Mar  7 2023 13:21:03
[Wed Sep 20 20:29:38.485843 2023] [core:notice] [pid 8280:tid 364] AH00094: Command line: 'c:\\users\\vicky\\desktop\\repository\\host-onion\\xampp\\apache\\bin\\httpd.exe -d C:/Users/Vicky/Desktop/Repository/Host-Onion/xampp/apache'
[Wed Sep 20 20:29:38.494844 2023] [mpm_winnt:notice] [pid 8280:tid 364] AH00418: Parent: Created child process 18336
[Wed Sep 20 20:29:39.080209 2023] [ssl:warn] [pid 18336:tid 364] AH01909: www.example.com:443:0 server certificate does NOT include an ID which matches the server name
[Wed Sep 20 20:29:39.168716 2023] [ssl:warn] [pid 18336:tid 364] AH01909: www.example.com:443:0 server certificate does NOT include an ID which matches the server name
[Wed Sep 20 20:29:39.207337 2023] [mpm_winnt:notice] [pid 18336:tid 364] AH00354: Child: Starting 150 worker threads.
[Wed Sep 20 20:30:07.861396 2023] [ssl:warn] [pid 19324:tid 376] AH01909: www.example.com:443:0 server certificate does NOT include an ID which matches the server name
[Wed Sep 20 20:30:07.956911 2023] [core:warn] [pid 19324:tid 376] AH00098: pid file C:/Users/Vicky/Desktop/Repository/Host-Onion/xampp/apache/logs/httpd.pid overwritten -- Unclean shutdown of previous Apache run?
[Wed Sep 20 20:30:07.962910 2023] [ssl:warn] [pid 19324:tid 376] AH01909: www.example.com:443:0 server certificate does NOT include an ID which matches the server name
[Wed Sep 20 20:30:07.994912 2023] [mpm_winnt:notice] [pid 19324:tid 376] AH00455: Apache/2.4.56 (Win64) OpenSSL/1.1.1t PHP/8.0.28 configured -- resuming normal operations
[Wed Sep 20 20:30:07.995912 2023] [mpm_winnt:notice] [pid 19324:tid 376] AH00456: Apache Lounge VS16 Server built: Mar  7 2023 13:21:03
[Wed Sep 20 20:30:07.995912 2023] [core:notice] [pid 19324:tid 376] AH00094: Command line: 'c:\\users\\vicky\\desktop\\repository\\host-onion\\xampp\\apache\\bin\\httpd.exe -d C:/Users/Vicky/Desktop/Repository/Host-Onion/xampp/apache'
[Wed Sep 20 20:30:08.003916 2023] [mpm_winnt:notice] [pid 19324:tid 376] AH00418: Parent: Created child process 8456
[Wed Sep 20 20:30:08.821234 2023] [ssl:warn] [pid 8456:tid 360] AH01909: www.example.com:443:0 server certificate does NOT include an ID which matches the server name
[Wed Sep 20 20:30:08.978282 2023] [ssl:warn] [pid 8456:tid 360] AH01909: www.example.com:443:0 server certificate does NOT include an ID which matches the server name
[Wed Sep 20 20:30:09.029286 2023] [mpm_winnt:notice] [pid 8456:tid 360] AH00354: Child: Starting 150 worker threads.
[Wed Sep 20 20:32:56.822808 2023] [ssl:warn] [pid 8336:tid 364] AH01909: www.example.com:443:0 server certificate does NOT include an ID which matches the server name
[Wed Sep 20 20:32:56.916320 2023] [core:warn] [pid 8336:tid 364] AH00098: pid file C:/Users/Vicky/Desktop/Repository/Host-Onion/xampp/apache/logs/httpd.pid overwritten -- Unclean shutdown of previous Apache run?
[Wed Sep 20 20:32:56.920322 2023] [ssl:warn] [pid 8336:tid 364] AH01909: www.example.com:443:0 server certificate does NOT include an ID which matches the server name
[Wed Sep 20 20:32:56.956833 2023] [mpm_winnt:notice] [pid 8336:tid 364] AH00455: Apache/2.4.56 (Win64) OpenSSL/1.1.1t PHP/8.0.28 configured -- resuming normal operations
[Wed Sep 20 20:32:56.956833 2023] [mpm_winnt:notice] [pid 8336:tid 364] AH00456: Apache Lounge VS16 Server built: Mar  7 2023 13:21:03
[Wed Sep 20 20:32:56.956833 2023] [core:notice] [pid 8336:tid 364] AH00094: Command line: 'c:\\users\\vicky\\desktop\\repository\\host-onion\\xampp\\apache\\bin\\httpd.exe -d C:/Users/Vicky/Desktop/Repository/Host-Onion/xampp/apache'
[Wed Sep 20 20:32:56.965834 2023] [mpm_winnt:notice] [pid 8336:tid 364] AH00418: Parent: Created child process 8924
[Wed Sep 20 20:32:57.531163 2023] [ssl:warn] [pid 8924:tid 372] AH01909: www.example.com:443:0 server certificate does NOT include an ID which matches the server name
[Wed Sep 20 20:32:57.617558 2023] [ssl:warn] [pid 8924:tid 372] AH01909: www.example.com:443:0 server certificate does NOT include an ID which matches the server name
[Wed Sep 20 20:32:57.652247 2023] [mpm_winnt:notice] [pid 8924:tid 372] AH00354: Child: Starting 150 worker threads.
[Wed Sep 20 20:46:25.410558 2023] [ssl:warn] [pid 4448:tid 340] AH01909: www.example.com:443:0 server certificate does NOT include an ID which matches the server name
[Wed Sep 20 20:46:25.499565 2023] [core:warn] [pid 4448:tid 340] AH00098: pid file C:/Users/Vicky/Desktop/Repository/Host-Onion/xampp/apache/logs/httpd.pid overwritten -- Unclean shutdown of previous Apache run?
[Wed Sep 20 20:46:25.503566 2023] [ssl:warn] [pid 4448:tid 340] AH01909: www.example.com:443:0 server certificate does NOT include an ID which matches the server name
[Wed Sep 20 20:46:25.541566 2023] [mpm_winnt:notice] [pid 4448:tid 340] AH00455: Apache/2.4.56 (Win64) OpenSSL/1.1.1t PHP/8.0.28 configured -- resuming normal operations
[Wed Sep 20 20:46:25.541566 2023] [mpm_winnt:notice] [pid 4448:tid 340] AH00456: Apache Lounge VS16 Server built: Mar  7 2023 13:21:03
[Wed Sep 20 20:46:25.541566 2023] [core:notice] [pid 4448:tid 340] AH00094: Command line: 'c:\\users\\vicky\\desktop\\repository\\host-onion\\xampp\\apache\\bin\\httpd.exe -d C:/Users/Vicky/Desktop/Repository/Host-Onion/xampp/apache'
[Wed Sep 20 20:46:25.548568 2023] [mpm_winnt:notice] [pid 4448:tid 340] AH00418: Parent: Created child process 20592
[Wed Sep 20 20:46:26.124611 2023] [ssl:warn] [pid 20592:tid 348] AH01909: www.example.com:443:0 server certificate does NOT include an ID which matches the server name
[Wed Sep 20 20:46:26.235093 2023] [ssl:warn] [pid 20592:tid 348] AH01909: www.example.com:443:0 server certificate does NOT include an ID which matches the server name
[Wed Sep 20 20:46:26.272229 2023] [mpm_winnt:notice] [pid 20592:tid 348] AH00354: Child: Starting 150 worker threads.
[Wed Sep 20 20:55:38.379662 2023] [ssl:warn] [pid 17716:tid 388] AH01909: www.example.com:443:0 server certificate does NOT include an ID which matches the server name
[Wed Sep 20 20:55:38.488212 2023] [core:warn] [pid 17716:tid 388] AH00098: pid file C:/Users/Vicky/Desktop/Repository/Host-Onion/xampp/apache/logs/httpd.pid overwritten -- Unclean shutdown of previous Apache run?
[Wed Sep 20 20:55:38.493214 2023] [ssl:warn] [pid 17716:tid 388] AH01909: www.example.com:443:0 server certificate does NOT include an ID which matches the server name
[Wed Sep 20 20:55:38.528948 2023] [mpm_winnt:notice] [pid 17716:tid 388] AH00455: Apache/2.4.56 (Win64) OpenSSL/1.1.1t PHP/8.0.28 configured -- resuming normal operations
[Wed Sep 20 20:55:38.528948 2023] [mpm_winnt:notice] [pid 17716:tid 388] AH00456: Apache Lounge VS16 Server built: Mar  7 2023 13:21:03
[Wed Sep 20 20:55:38.528948 2023] [core:notice] [pid 17716:tid 388] AH00094: Command line: 'c:\\users\\vicky\\desktop\\repository\\host-onion\\xampp\\apache\\bin\\httpd.exe -d C:/Users/Vicky/Desktop/Repository/Host-Onion/xampp/apache'
[Wed Sep 20 20:55:38.536954 2023] [mpm_winnt:notice] [pid 17716:tid 388] AH00418: Parent: Created child process 12988
[Wed Sep 20 20:55:39.162794 2023] [ssl:warn] [pid 12988:tid 352] AH01909: www.example.com:443:0 server certificate does NOT include an ID which matches the server name
[Wed Sep 20 20:55:39.254303 2023] [ssl:warn] [pid 12988:tid 352] AH01909: www.example.com:443:0 server certificate does NOT include an ID which matches the server name
[Wed Sep 20 20:55:39.294305 2023] [mpm_winnt:notice] [pid 12988:tid 352] AH00354: Child: Starting 150 worker threads.
[Wed Sep 20 21:09:28.196002 2023] [ssl:warn] [pid 9764:tid 340] AH01909: www.example.com:443:0 server certificate does NOT include an ID which matches the server name
[Wed Sep 20 21:09:28.283513 2023] [core:warn] [pid 9764:tid 340] AH00098: pid file C:/Users/Vicky/Desktop/Repository/Host-Onion/xampp/apache/logs/httpd.pid overwritten -- Unclean shutdown of previous Apache run?
[Wed Sep 20 21:09:28.287513 2023] [ssl:warn] [pid 9764:tid 340] AH01909: www.example.com:443:0 server certificate does NOT include an ID which matches the server name
[Wed Sep 20 21:09:28.319516 2023] [mpm_winnt:notice] [pid 9764:tid 340] AH00455: Apache/2.4.56 (Win64) OpenSSL/1.1.1t PHP/8.0.28 configured -- resuming normal operations
[Wed Sep 20 21:09:28.319516 2023] [mpm_winnt:notice] [pid 9764:tid 340] AH00456: Apache Lounge VS16 Server built: Mar  7 2023 13:21:03
[Wed Sep 20 21:09:28.319516 2023] [core:notice] [pid 9764:tid 340] AH00094: Command line: 'c:\\users\\vicky\\desktop\\repository\\host-onion\\xampp\\apache\\bin\\httpd.exe -d C:/Users/Vicky/Desktop/Repository/Host-Onion/xampp/apache'
[Wed Sep 20 21:09:28.327516 2023] [mpm_winnt:notice] [pid 9764:tid 340] AH00418: Parent: Created child process 12312
[Wed Sep 20 21:09:28.899179 2023] [ssl:warn] [pid 12312:tid 340] AH01909: www.example.com:443:0 server certificate does NOT include an ID which matches the server name
[Wed Sep 20 21:09:28.983693 2023] [ssl:warn] [pid 12312:tid 340] AH01909: www.example.com:443:0 server certificate does NOT include an ID which matches the server name
[Wed Sep 20 21:09:29.022696 2023] [mpm_winnt:notice] [pid 12312:tid 340] AH00354: Child: Starting 150 worker threads.
[Wed Sep 20 21:11:13.594985 2023] [ssl:warn] [pid 3996:tid 356] AH01909: www.example.com:443:0 server certificate does NOT include an ID which matches the server name
[Wed Sep 20 21:11:13.702498 2023] [core:warn] [pid 3996:tid 356] AH00098: pid file C:/Users/Vicky/Desktop/Repository/Host-Onion/xampp/apache/logs/httpd.pid overwritten -- Unclean shutdown of previous Apache run?
[Wed Sep 20 21:11:13.709499 2023] [ssl:warn] [pid 3996:tid 356] AH01909: www.example.com:443:0 server certificate does NOT include an ID which matches the server name
[Wed Sep 20 21:11:13.754012 2023] [mpm_winnt:notice] [pid 3996:tid 356] AH00455: Apache/2.4.56 (Win64) OpenSSL/1.1.1t PHP/8.0.28 configured -- resuming normal operations
[Wed Sep 20 21:11:13.754012 2023] [mpm_winnt:notice] [pid 3996:tid 356] AH00456: Apache Lounge VS16 Server built: Mar  7 2023 13:21:03
[Wed Sep 20 21:11:13.754012 2023] [core:notice] [pid 3996:tid 356] AH00094: Command line: 'c:\\users\\vicky\\desktop\\repository\\host-onion\\xampp\\apache\\bin\\httpd.exe -d C:/Users/Vicky/Desktop/Repository/Host-Onion/xampp/apache'
[Wed Sep 20 21:11:13.762012 2023] [mpm_winnt:notice] [pid 3996:tid 356] AH00418: Parent: Created child process 19004
[Wed Sep 20 21:11:14.439140 2023] [ssl:warn] [pid 19004:tid 352] AH01909: www.example.com:443:0 server certificate does NOT include an ID which matches the server name
[Wed Sep 20 21:11:14.554658 2023] [ssl:warn] [pid 19004:tid 352] AH01909: www.example.com:443:0 server certificate does NOT include an ID which matches the server name
[Wed Sep 20 21:11:14.618663 2023] [mpm_winnt:notice] [pid 19004:tid 352] AH00354: Child: Starting 150 worker threads.
[Wed Sep 20 21:23:28.742292 2023] [ssl:warn] [pid 22032:tid 348] AH01909: www.example.com:443:0 server certificate does NOT include an ID which matches the server name
[Wed Sep 20 21:23:29.071340 2023] [core:warn] [pid 22032:tid 348] AH00098: pid file C:/Users/Vicky/Desktop/Repository/Host-Onion/xampp/apache/logs/httpd.pid overwritten -- Unclean shutdown of previous Apache run?
[Wed Sep 20 21:23:29.083321 2023] [ssl:warn] [pid 22032:tid 348] AH01909: www.example.com:443:0 server certificate does NOT include an ID which matches the server name
[Wed Sep 20 21:23:29.192326 2023] [mpm_winnt:notice] [pid 22032:tid 348] AH00455: Apache/2.4.56 (Win64) OpenSSL/1.1.1t PHP/8.0.28 configured -- resuming normal operations
[Wed Sep 20 21:23:29.192326 2023] [mpm_winnt:notice] [pid 22032:tid 348] AH00456: Apache Lounge VS16 Server built: Mar  7 2023 13:21:03
[Wed Sep 20 21:23:29.192326 2023] [core:notice] [pid 22032:tid 348] AH00094: Command line: 'c:\\users\\vicky\\desktop\\repository\\host-onion\\xampp\\apache\\bin\\httpd.exe -d C:/Users/Vicky/Desktop/Repository/Host-Onion/xampp/apache'
[Wed Sep 20 21:23:29.211327 2023] [mpm_winnt:notice] [pid 22032:tid 348] AH00418: Parent: Created child process 18032
[Wed Sep 20 21:23:31.759472 2023] [ssl:warn] [pid 18032:tid 336] AH01909: www.example.com:443:0 server certificate does NOT include an ID which matches the server name
[Wed Sep 20 21:23:32.043483 2023] [ssl:warn] [pid 18032:tid 336] AH01909: www.example.com:443:0 server certificate does NOT include an ID which matches the server name
[Wed Sep 20 21:23:32.133592 2023] [mpm_winnt:notice] [pid 18032:tid 336] AH00354: Child: Starting 150 worker threads.
[Wed Sep 20 21:31:11.182001 2023] [mpm_winnt:crit] [pid 18032:tid 336] AH02538: Child: Parent process exited abruptly. Child process is ending
[Wed Sep 20 21:55:07.218656 2023] [ssl:warn] [pid 11184:tid 348] AH01909: www.example.com:443:0 server certificate does NOT include an ID which matches the server name
[Wed Sep 20 21:55:07.382708 2023] [core:warn] [pid 11184:tid 348] AH00098: pid file C:/Users/Vicky/Desktop/Repository/Host-Onion/xampp/apache/logs/httpd.pid overwritten -- Unclean shutdown of previous Apache run?
[Wed Sep 20 21:55:07.390710 2023] [ssl:warn] [pid 11184:tid 348] AH01909: www.example.com:443:0 server certificate does NOT include an ID which matches the server name
[Wed Sep 20 21:55:07.803817 2023] [mpm_winnt:notice] [pid 11184:tid 348] AH00455: Apache/2.4.56 (Win64) OpenSSL/1.1.1t PHP/8.0.28 configured -- resuming normal operations
[Wed Sep 20 21:55:07.803817 2023] [mpm_winnt:notice] [pid 11184:tid 348] AH00456: Apache Lounge VS16 Server built: Mar  7 2023 13:21:03
[Wed Sep 20 21:55:07.803817 2023] [core:notice] [pid 11184:tid 348] AH00094: Command line: 'c:\\users\\vicky\\desktop\\repository\\host-onion\\xampp\\apache\\bin\\httpd.exe -d C:/Users/Vicky/Desktop/Repository/Host-Onion/xampp/apache'
[Wed Sep 20 21:55:07.815817 2023] [mpm_winnt:notice] [pid 11184:tid 348] AH00418: Parent: Created child process 18084
[Wed Sep 20 21:55:09.699779 2023] [ssl:warn] [pid 18084:tid 344] AH01909: www.example.com:443:0 server certificate does NOT include an ID which matches the server name
[Wed Sep 20 21:55:09.888838 2023] [ssl:warn] [pid 18084:tid 344] AH01909: www.example.com:443:0 server certificate does NOT include an ID which matches the server name
[Wed Sep 20 21:55:09.961870 2023] [mpm_winnt:notice] [pid 18084:tid 344] AH00354: Child: Starting 150 worker threads.
[Wed Sep 20 21:56:14.814621 2023] [ssl:warn] [pid 21572:tid 176] AH01909: www.example.com:443:0 server certificate does NOT include an ID which matches the server name
[Wed Sep 20 21:56:14.940654 2023] [core:warn] [pid 21572:tid 176] AH00098: pid file C:/Users/Vicky/Desktop/Repository/Host-Onion/xampp/apache/logs/httpd.pid overwritten -- Unclean shutdown of previous Apache run?
[Wed Sep 20 21:56:14.946654 2023] [ssl:warn] [pid 21572:tid 176] AH01909: www.example.com:443:0 server certificate does NOT include an ID which matches the server name
[Wed Sep 20 21:56:14.987660 2023] [mpm_winnt:notice] [pid 21572:tid 176] AH00455: Apache/2.4.56 (Win64) OpenSSL/1.1.1t PHP/8.0.28 configured -- resuming normal operations
[Wed Sep 20 21:56:14.987660 2023] [mpm_winnt:notice] [pid 21572:tid 176] AH00456: Apache Lounge VS16 Server built: Mar  7 2023 13:21:03
[Wed Sep 20 21:56:14.987660 2023] [core:notice] [pid 21572:tid 176] AH00094: Command line: 'c:\\users\\vicky\\desktop\\repository\\host-onion\\xampp\\apache\\bin\\httpd.exe -d C:/Users/Vicky/Desktop/Repository/Host-Onion/xampp/apache'
[Wed Sep 20 21:56:15.047177 2023] [mpm_winnt:notice] [pid 21572:tid 176] AH00418: Parent: Created child process 18860
[Wed Sep 20 21:56:15.840629 2023] [ssl:warn] [pid 18860:tid 368] AH01909: www.example.com:443:0 server certificate does NOT include an ID which matches the server name
[Wed Sep 20 21:56:15.964146 2023] [ssl:warn] [pid 18860:tid 368] AH01909: www.example.com:443:0 server certificate does NOT include an ID which matches the server name
[Wed Sep 20 21:56:16.078663 2023] [mpm_winnt:notice] [pid 18860:tid 368] AH00354: Child: Starting 150 worker threads.
[Wed Sep 20 21:57:33.263495 2023] [ssl:warn] [pid 4144:tid 380] AH01909: www.example.com:443:0 server certificate does NOT include an ID which matches the server name
[Wed Sep 20 21:57:33.352012 2023] [core:warn] [pid 4144:tid 380] AH00098: pid file C:/Users/Vicky/Desktop/Repository/Host-Onion/xampp/apache/logs/httpd.pid overwritten -- Unclean shutdown of previous Apache run?
[Wed Sep 20 21:57:33.356012 2023] [ssl:warn] [pid 4144:tid 380] AH01909: www.example.com:443:0 server certificate does NOT include an ID which matches the server name
[Wed Sep 20 21:57:33.387015 2023] [mpm_winnt:notice] [pid 4144:tid 380] AH00455: Apache/2.4.56 (Win64) OpenSSL/1.1.1t PHP/8.0.28 configured -- resuming normal operations
[Wed Sep 20 21:57:33.387015 2023] [mpm_winnt:notice] [pid 4144:tid 380] AH00456: Apache Lounge VS16 Server built: Mar  7 2023 13:21:03
[Wed Sep 20 21:57:33.387015 2023] [core:notice] [pid 4144:tid 380] AH00094: Command line: 'c:\\users\\vicky\\desktop\\repository\\host-onion\\xampp\\apache\\bin\\httpd.exe -d C:/Users/Vicky/Desktop/Repository/Host-Onion/xampp/apache'
[Wed Sep 20 21:57:33.395016 2023] [mpm_winnt:notice] [pid 4144:tid 380] AH00418: Parent: Created child process 21880
[Wed Sep 20 21:57:33.999125 2023] [ssl:warn] [pid 21880:tid 348] AH01909: www.example.com:443:0 server certificate does NOT include an ID which matches the server name
[Wed Sep 20 21:57:34.118447 2023] [ssl:warn] [pid 21880:tid 348] AH01909: www.example.com:443:0 server certificate does NOT include an ID which matches the server name
[Wed Sep 20 21:57:34.152958 2023] [mpm_winnt:notice] [pid 21880:tid 348] AH00354: Child: Starting 150 worker threads.
[Wed Sep 20 22:08:33.879860 2023] [ssl:warn] [pid 18004:tid 360] AH01909: www.example.com:443:0 server certificate does NOT include an ID which matches the server name
[Wed Sep 20 22:08:33.975101 2023] [core:warn] [pid 18004:tid 360] AH00098: pid file C:/Users/Vicky/Desktop/Repository/Host-Onion/xampp/apache/logs/httpd.pid overwritten -- Unclean shutdown of previous Apache run?
[Wed Sep 20 22:08:33.980958 2023] [ssl:warn] [pid 18004:tid 360] AH01909: www.example.com:443:0 server certificate does NOT include an ID which matches the server name
[Wed Sep 20 22:08:34.017061 2023] [mpm_winnt:notice] [pid 18004:tid 360] AH00455: Apache/2.4.56 (Win64) OpenSSL/1.1.1t PHP/8.0.28 configured -- resuming normal operations
[Wed Sep 20 22:08:34.017061 2023] [mpm_winnt:notice] [pid 18004:tid 360] AH00456: Apache Lounge VS16 Server built: Mar  7 2023 13:21:03
[Wed Sep 20 22:08:34.017061 2023] [core:notice] [pid 18004:tid 360] AH00094: Command line: 'c:\\users\\vicky\\desktop\\repository\\host-onion\\xampp\\apache\\bin\\httpd.exe -d C:/Users/Vicky/Desktop/Repository/Host-Onion/xampp/apache'
[Wed Sep 20 22:08:34.024786 2023] [mpm_winnt:notice] [pid 18004:tid 360] AH00418: Parent: Created child process 22520
[Wed Sep 20 22:08:34.840575 2023] [ssl:warn] [pid 22520:tid 408] AH01909: www.example.com:443:0 server certificate does NOT include an ID which matches the server name
[Wed Sep 20 22:08:34.933066 2023] [ssl:warn] [pid 22520:tid 408] AH01909: www.example.com:443:0 server certificate does NOT include an ID which matches the server name
[Wed Sep 20 22:08:34.971481 2023] [mpm_winnt:notice] [pid 22520:tid 408] AH00354: Child: Starting 150 worker threads.
[Wed Sep 20 22:24:14.032241 2023] [ssl:warn] [pid 21716:tid 340] AH01909: www.example.com:443:0 server certificate does NOT include an ID which matches the server name
[Wed Sep 20 22:24:14.201840 2023] [core:warn] [pid 21716:tid 340] AH00098: pid file C:/Users/Vicky/Desktop/Repository/Host-Onion/xampp/apache/logs/httpd.pid overwritten -- Unclean shutdown of previous Apache run?
[Wed Sep 20 22:24:14.206840 2023] [ssl:warn] [pid 21716:tid 340] AH01909: www.example.com:443:0 server certificate does NOT include an ID which matches the server name
[Wed Sep 20 22:24:14.257355 2023] [mpm_winnt:notice] [pid 21716:tid 340] AH00455: Apache/2.4.56 (Win64) OpenSSL/1.1.1t PHP/8.0.28 configured -- resuming normal operations
[Wed Sep 20 22:24:14.257355 2023] [mpm_winnt:notice] [pid 21716:tid 340] AH00456: Apache Lounge VS16 Server built: Mar  7 2023 13:21:03
[Wed Sep 20 22:24:14.257355 2023] [core:notice] [pid 21716:tid 340] AH00094: Command line: 'c:\\users\\vicky\\desktop\\repository\\host-onion\\xampp\\apache\\bin\\httpd.exe -d C:/Users/Vicky/Desktop/Repository/Host-Onion/xampp/apache'
[Wed Sep 20 22:24:14.266356 2023] [mpm_winnt:notice] [pid 21716:tid 340] AH00418: Parent: Created child process 19888
[Wed Sep 20 22:24:15.004304 2023] [ssl:warn] [pid 19888:tid 336] AH01909: www.example.com:443:0 server certificate does NOT include an ID which matches the server name
[Wed Sep 20 22:24:15.140325 2023] [ssl:warn] [pid 19888:tid 336] AH01909: www.example.com:443:0 server certificate does NOT include an ID which matches the server name
[Wed Sep 20 22:24:15.186312 2023] [mpm_winnt:notice] [pid 19888:tid 336] AH00354: Child: Starting 150 worker threads.
